[debug] [2025-06-28T18:11:02.687Z] ----------------------------------------------------------------------
[debug] [2025-06-28T18:11:02.691Z] Command:       C:\Program Files\nodejs\node.exe C:\Users\user\AppData\Roaming\npm\node_modules\firebase-tools\lib\bin\firebase.js init hosting
[debug] [2025-06-28T18:11:02.691Z] CLI Version:   14.9.0
[debug] [2025-06-28T18:11:02.692Z] Platform:      win32
[debug] [2025-06-28T18:11:02.692Z] Node Version:  v22.17.0
[debug] [2025-06-28T18:11:02.692Z] Time:          Sat Jun 28 2025 21:11:02 GMT+0300 (Eastern European Summer Time)
[debug] [2025-06-28T18:11:02.692Z] ----------------------------------------------------------------------
[debug] 
[debug] [2025-06-28T18:11:02.704Z] > command requires scopes: ["email","openid","https://www.googleapis.com/auth/cloudplatformprojects.readonly","https://www.googleapis.com/auth/firebase","https://www.googleapis.com/auth/cloud-platform"]
[debug] [2025-06-28T18:11:02.704Z] > authorizing via signed-in user (pi197780@gmail.com)
[info] 
     ######## #### ########  ######## ########     ###     ######  ########
     ##        ##  ##     ## ##       ##     ##  ##   ##  ##       ##
     ######    ##  ########  ######   ########  #########  ######  ######
     ##        ##  ##    ##  ##       ##     ## ##     ##       ## ##
     ##       #### ##     ## ######## ########  ##     ##  ######  ########

You're about to initialize a Firebase project in this directory:

  C:\Users\user\OneDrive\Desktop\AuraPointsApp

[info] 
=== Project Setup
[info] 
[info] First, let's associate this project directory with a Firebase project.
[info] You can create multiple project aliases by running firebase use --add, 
[info] but for now we'll just set up a default project.
[info] 
[debug] [2025-06-28T18:11:26.091Z] Checked if tokens are valid: true, expires at: 1751137812079
[debug] [2025-06-28T18:11:26.091Z] Checked if tokens are valid: true, expires at: 1751137812079
[debug] [2025-06-28T18:11:26.093Z] >>> [apiv2][query] GET https://firebase.googleapis.com/v1beta1/projects pageSize=100
[debug] [2025-06-28T18:11:26.779Z] <<< [apiv2][status] GET https://firebase.googleapis.com/v1beta1/projects 200
[debug] [2025-06-28T18:11:26.779Z] <<< [apiv2][body] GET https://firebase.googleapis.com/v1beta1/projects [omitted]
[info] i  Using project aurapoints-d9c28 (AuraPoints) 
[info] 
=== Hosting Setup
[debug] [2025-06-28T18:11:31.651Z] Checked if tokens are valid: true, expires at: 1751137812079
[debug] [2025-06-28T18:11:31.651Z] Checked if tokens are valid: true, expires at: 1751137812079
[debug] [2025-06-28T18:11:31.652Z] >>> [apiv2][query] GET https://firebase.googleapis.com/v1beta1/projects/aurapoints-d9c28 [none]
[debug] [2025-06-28T18:11:31.934Z] <<< [apiv2][status] GET https://firebase.googleapis.com/v1beta1/projects/aurapoints-d9c28 200
[debug] [2025-06-28T18:11:31.934Z] <<< [apiv2][body] GET https://firebase.googleapis.com/v1beta1/projects/aurapoints-d9c28 {"projectId":"aurapoints-d9c28","projectNumber":"531713474163","displayName":"AuraPoints","name":"projects/aurapoints-d9c28","resources":{"hostingSite":"aurapoints-d9c28"},"state":"ACTIVE","etag":"1_bdfd3e9b-184a-4028-8a5f-b68a8b6e257c"}
[info] 
[info] Your public directory is the folder (relative to your project directory) that
[info] will contain Hosting assets to be uploaded with firebase deploy. If you
[info] have a build process for your assets, use your build's output directory.
[info] 
[debug] [2025-06-28T18:11:53.809Z] >>> [apiv2][query] GET https://www.gstatic.com/firebasejs/releases.json [none]
[debug] [2025-06-28T18:11:54.037Z] <<< [apiv2][status] GET https://www.gstatic.com/firebasejs/releases.json 200
[debug] [2025-06-28T18:11:54.037Z] <<< [apiv2][body] GET https://www.gstatic.com/firebasejs/releases.json {"current":{"version":"11.9.1","browserURL":"https://www.gstatic.com/firebasejs/11.9.1/firebase.js","packageURL":"https://www.gstatic.com/firebasejs/11.9.1/firebase.tgz"},"live":{"version":"11.9","browserURL":"https://www.gstatic.com/firebasejs/live/11.9/firebase.js","packageURL":"https://www.gstatic.com/firebasejs/live/11.9/firebase.tgz"},"components":{"ai":"https://www.gstatic.com/firebasejs/11.9.1/firebase-ai.js","analytics":"https://www.gstatic.com/firebasejs/11.9.1/firebase-analytics.js","app":"https://www.gstatic.com/firebasejs/11.9.1/firebase-app.js","app-check":"https://www.gstatic.com/firebasejs/11.9.1/firebase-app-check.js","auth":"https://www.gstatic.com/firebasejs/11.9.1/firebase-auth.js","auth/cordova":"https://www.gstatic.com/firebasejs/11.9.1/firebase-auth/cordova.js","auth/web-extension":"https://www.gstatic.com/firebasejs/11.9.1/firebase-auth/web-extension.js","functions":"https://www.gstatic.com/firebasejs/11.9.1/firebase-functions.js","firestore":"https://www.gstatic.com/firebasejs/11.9.1/firebase-firestore.js","firestore/lite":"https://www.gstatic.com/firebasejs/11.9.1/firebase-firestore/lite.js","installations":"https://www.gstatic.com/firebasejs/11.9.1/firebase-installations.js","storage":"https://www.gstatic.com/firebasejs/11.9.1/firebase-storage.js","performance":"https://www.gstatic.com/firebasejs/11.9.1/firebase-performance.js","remote-config":"https://www.gstatic.com/firebasejs/11.9.1/firebase-remote-config.js","messaging":"https://www.gstatic.com/firebasejs/11.9.1/firebase-messaging.js","messaging/sw":"https://www.gstatic.com/firebasejs/11.9.1/firebase-messaging/sw.js","database":"https://www.gstatic.com/firebasejs/11.9.1/firebase-database.js","vertexai":"https://www.gstatic.com/firebasejs/11.9.1/firebase-vertexai.js","data-connect":"https://www.gstatic.com/firebasejs/11.9.1/firebase-data-connect.js","firestore.memory":"https://www.gstatic.com/firebasejs/11.9.1/firebase-firestore.memory.js"}}
[info] +  Wrote y/index.html 
[info] 
[info] i  Didn't detect a .git folder. Assuming C:\Users\user\OneDrive\Desktop\AuraPointsApp is the project root. 
[info] i  Authorizing with GitHub to upload your service account to a GitHub repository's secrets store. 
[info] 
[info] Visit this URL on this device to log in:
[info] https://github.com/login/oauth/authorize?client_id=89cf50f02ac6aaed3484&state=602859871&redirect_uri=http%3A%2F%2Flocalhost%3A9005&scope=read%3Auser%20repo%20public_repo
[info] 
[info] Waiting for authentication...
